<?xml version="1.0" encoding="UTF-8"?>
<!-- Generated by org.testng.reporters.JUnitReportReporter -->
<testsuite skipped="0" hostname="DESKTOP-LJRMC57" name="com.amazon.qa.tests.SigninPageTest" tests="3" failures="0" timestamp="22 Dec 2020 19:33:46 GMT" time="49.963" errors="0">
  <testcase name="SigninPageTitleTest" time="13.201" classname="com.amazon.qa.tests.SigninPageTest"/>
  <testcase name="logoTest" time="11.598" classname="com.amazon.qa.tests.SigninPageTest"/>
  <testcase name="signinPageTest" time="25.164" classname="com.amazon.qa.tests.SigninPageTest"/>
</testsuite> <!-- com.amazon.qa.tests.SigninPageTest -->
