<?xml version="1.0" encoding="UTF-8"?>
<!-- Generated by org.testng.reporters.JUnitReportReporter -->
<testsuite skipped="0" hostname="DESKTOP-LJRMC57" name="com.amazon.qa.tests.Screenshots" tests="1" failures="0" timestamp="22 Dec 2020 19:33:46 GMT" time="43.414" errors="0">
  <testcase name="CaptureScreenshot" time="43.414" classname="com.amazon.qa.tests.Screenshots"/>
</testsuite> <!-- com.amazon.qa.tests.Screenshots -->
