<?xml version="1.0" encoding="UTF-8"?>
<!-- Generated by org.testng.reporters.JUnitReportReporter -->
<testsuite skipped="0" hostname="DESKTOP-LJRMC57" name="com.amazon.qa.tests.ExtentReportResult" tests="1" failures="0" timestamp="22 Dec 2020 19:33:46 GMT" time="0.485" errors="0">
  <testcase name="SigninTest" time="0.485" classname="com.amazon.qa.tests.ExtentReportResult"/>
</testsuite> <!-- com.amazon.qa.tests.ExtentReportResult -->
